06-02-2022 15:10:01 : INFO : logger : Successfully Instantiated DataLoader Class Object
06-02-2022 15:10:01 : INFO : logger : Successfully Instantiated DataLoader Class Object
06-02-2022 15:15:43 : INFO : logger : Loading audio files
06-02-2022 15:15:43 : ERROR : logger : Failed to load data
06-02-2022 15:15:43 : ERROR : logger : [Errno 2] No such file or directory: '../data/AMHARIC/data/train/wav/*.wav'
06-02-2022 15:16:47 : INFO : logger : Loading audio files
06-02-2022 15:16:47 : ERROR : logger : Failed to load data
06-02-2022 15:16:47 : ERROR : logger : [Errno 2] No such file or directory: '../data/AMHARIC/data/train/wav/*.wav'
06-02-2022 15:16:55 : INFO : logger : Loading audio files
06-02-2022 15:16:55 : ERROR : logger : Failed to load data
06-02-2022 15:16:55 : ERROR : logger : [Errno 2] No such file or directory: '../data/AMHARIC/data/train/wav/*.wav'
06-02-2022 15:17:09 : INFO : logger : Loading audio files
06-02-2022 15:17:09 : ERROR : logger : Failed to load data
06-02-2022 15:17:09 : ERROR : logger : [Errno 2] No such file or directory: '../data/AMHARIC/data/train/wav/*.wav'
06-02-2022 15:17:49 : INFO : logger : Successfully Instantiated DataLoader Class Object
06-02-2022 15:17:49 : INFO : logger : Successfully Instantiated DataLoader Class Object
06-02-2022 15:17:49 : INFO : logger : Successfully Instantiated DataLoader Class Object
06-02-2022 15:17:49 : INFO : logger : Successfully Instantiated DataLoader Class Object
06-02-2022 15:17:51 : INFO : logger : Loading audio files
06-02-2022 15:17:51 : INFO : logger : Loading audio files
06-02-2022 15:19:49 : INFO : logger : Getting wav files
06-02-2022 15:19:49 : INFO : logger : Getting wav files
06-02-2022 15:19:49 : ERROR : logger : Failed to get wav files
06-02-2022 15:19:49 : ERROR : logger : Failed to get wav files
06-02-2022 15:19:49 : ERROR : logger : 'module' object is not callable
06-02-2022 15:19:49 : ERROR : logger : 'module' object is not callable
06-02-2022 15:20:30 : INFO : logger : Getting wav files
06-02-2022 15:20:30 : INFO : logger : Getting wav files
06-02-2022 15:20:30 : ERROR : logger : Failed to get wav files
06-02-2022 15:20:30 : ERROR : logger : Failed to get wav files
06-02-2022 15:20:30 : ERROR : logger : 'module' object is not callable
06-02-2022 15:20:30 : ERROR : logger : 'module' object is not callable
06-02-2022 15:20:41 : INFO : logger : Getting wav files
06-02-2022 15:20:41 : INFO : logger : Getting wav files
06-02-2022 15:20:41 : ERROR : logger : Failed to get wav files
06-02-2022 15:20:41 : ERROR : logger : Failed to get wav files
06-02-2022 15:20:41 : ERROR : logger : 'module' object is not callable
06-02-2022 15:20:41 : ERROR : logger : 'module' object is not callable
06-02-2022 15:21:08 : INFO : logger : Getting wav files
06-02-2022 15:21:08 : INFO : logger : Getting wav files
06-02-2022 15:21:08 : ERROR : logger : Failed to get wav files
06-02-2022 15:21:08 : ERROR : logger : Failed to get wav files
06-02-2022 15:21:08 : ERROR : logger : 'module' object is not callable
06-02-2022 15:21:08 : ERROR : logger : 'module' object is not callable
06-02-2022 15:24:38 : INFO : logger : Getting wav files
06-02-2022 15:24:38 : INFO : logger : Getting wav files
06-02-2022 15:24:38 : ERROR : logger : Failed to get wav files
06-02-2022 15:24:38 : ERROR : logger : Failed to get wav files
06-02-2022 15:24:38 : ERROR : logger : 'module' object is not callable
06-02-2022 15:24:38 : ERROR : logger : 'module' object is not callable
06-02-2022 15:25:32 : INFO : logger : Getting wav files
06-02-2022 15:25:32 : INFO : logger : Getting wav files
06-02-2022 15:25:32 : ERROR : logger : Failed to get wav files
06-02-2022 15:25:32 : ERROR : logger : Failed to get wav files
06-02-2022 15:25:32 : ERROR : logger : 'module' object is not callable
06-02-2022 15:25:32 : ERROR : logger : 'module' object is not callable
06-02-2022 15:25:52 : INFO : logger : Getting wav files
06-02-2022 15:25:52 : INFO : logger : Getting wav files
06-02-2022 15:25:52 : ERROR : logger : Failed to get wav files
06-02-2022 15:25:52 : ERROR : logger : Failed to get wav files
06-02-2022 15:25:52 : ERROR : logger : name 'glob' is not defined
06-02-2022 15:25:52 : ERROR : logger : name 'glob' is not defined
06-02-2022 15:26:32 : INFO : logger : Getting wav files
06-02-2022 15:26:32 : INFO : logger : Getting wav files
06-02-2022 15:26:32 : INFO : logger : Successfully got wav files
06-02-2022 15:26:32 : INFO : logger : Successfully got wav files
06-02-2022 15:46:46 : INFO : logger : Getting wav files
06-02-2022 15:46:46 : INFO : logger : Getting wav files
06-02-2022 15:46:46 : INFO : logger : Successfully got wav files
06-02-2022 15:46:46 : INFO : logger : Successfully got wav files
06-02-2022 15:46:58 : INFO : logger : Getting wav files
06-02-2022 15:46:58 : INFO : logger : Getting wav files
06-02-2022 15:46:58 : INFO : logger : Successfully got wav files
06-02-2022 15:46:58 : INFO : logger : Successfully got wav files
06-02-2022 15:49:29 : INFO : logger : Getting wav files
06-02-2022 15:49:29 : INFO : logger : Getting wav files
06-02-2022 15:49:29 : INFO : logger : Successfully got wav files
06-02-2022 15:49:29 : INFO : logger : Successfully got wav files
06-02-2022 15:54:00 : ERROR : logger : Failed to load transcription data
06-02-2022 15:54:00 : ERROR : logger : Failed to load transcription data
06-02-2022 15:54:00 : ERROR : logger : [Errno 21] Is a directory: '../data/AMHARIC/data/train/wav/'
06-02-2022 15:54:00 : ERROR : logger : [Errno 21] Is a directory: '../data/AMHARIC/data/train/wav/'
06-02-2022 16:04:12 : ERROR : logger : Failed to load transcription data
06-02-2022 16:04:12 : ERROR : logger : Failed to load transcription data
06-02-2022 16:04:12 : ERROR : logger : get_wav_files() takes 1 positional argument but 2 were given
06-02-2022 16:04:12 : ERROR : logger : get_wav_files() takes 1 positional argument but 2 were given
06-02-2022 16:04:46 : INFO : logger : Getting wav files
06-02-2022 16:04:46 : INFO : logger : Getting wav files
06-02-2022 16:04:46 : INFO : logger : Successfully got wav files
06-02-2022 16:04:46 : INFO : logger : Successfully got wav files
06-02-2022 16:04:46 : INFO : logger : Getting wav files
06-02-2022 16:04:46 : INFO : logger : Getting wav files
06-02-2022 16:04:46 : INFO : logger : Successfully got wav files
06-02-2022 16:04:46 : INFO : logger : Successfully got wav files
06-02-2022 16:04:46 : INFO : logger : Getting wav files
06-02-2022 16:04:46 : INFO : logger : Getting wav files
06-02-2022 16:04:46 : INFO : logger : Successfully got wav files
06-02-2022 16:04:46 : INFO : logger : Successfully got wav files
06-02-2022 16:04:46 : INFO : logger : Getting wav files
06-02-2022 16:04:46 : INFO : logger : Getting wav files
06-02-2022 16:04:46 : INFO : logger : Successfully got wav files
06-02-2022 16:04:46 : INFO : logger : Successfully got wav files
06-02-2022 16:04:46 : INFO : logger : Getting wav files
06-02-2022 16:04:46 : INFO : logger : Getting wav files
06-02-2022 16:04:46 : INFO : logger : Successfully got wav files
06-02-2022 16:04:46 : INFO : logger : Successfully got wav files
06-02-2022 16:04:46 : INFO : logger : Getting wav files
06-02-2022 16:04:46 : INFO : logger : Getting wav files
06-02-2022 16:04:46 : INFO : logger : Successfully got wav files
06-02-2022 16:04:46 : INFO : logger : Successfully got wav files
06-02-2022 16:04:46 : INFO : logger : Getting wav files
06-02-2022 16:04:46 : INFO : logger : Getting wav files
06-02-2022 16:04:46 : INFO : logger : Successfully got wav files
06-02-2022 16:04:46 : INFO : logger : Successfully got wav files
06-02-2022 16:04:46 : INFO : logger : Getting wav files
06-02-2022 16:04:46 : INFO : logger : Getting wav files
06-02-2022 16:04:46 : INFO : logger : Successfully got wav files
06-02-2022 16:04:46 : INFO : logger : Successfully got wav files
06-02-2022 16:04:46 : INFO : logger : Getting wav files
06-02-2022 16:04:46 : INFO : logger : Getting wav files
06-02-2022 16:04:46 : INFO : logger : Successfully got wav files
06-02-2022 16:04:46 : INFO : logger : Successfully got wav files
06-02-2022 16:04:46 : INFO : logger : Getting wav files
06-02-2022 16:04:46 : INFO : logger : Getting wav files
06-02-2022 16:04:46 : INFO : logger : Successfully got wav files
06-02-2022 16:04:46 : INFO : logger : Successfully got wav files
06-02-2022 16:04:46 : INFO : logger : Getting wav files
06-02-2022 16:04:46 : INFO : logger : Getting wav files
06-02-2022 16:04:46 : INFO : logger : Successfully got wav files
06-02-2022 16:04:46 : INFO : logger : Successfully got wav files
06-02-2022 16:04:46 : INFO : logger : Getting wav files
06-02-2022 16:04:46 : INFO : logger : Getting wav files
06-02-2022 16:04:46 : INFO : logger : Successfully got wav files
06-02-2022 16:04:46 : INFO : logger : Successfully got wav files
06-02-2022 16:04:46 : INFO : logger : Getting wav files
06-02-2022 16:04:46 : INFO : logger : Getting wav files
06-02-2022 16:04:46 : INFO : logger : Successfully got wav files
06-02-2022 16:04:46 : INFO : logger : Successfully got wav files
06-02-2022 16:04:46 : INFO : logger : Getting wav files
06-02-2022 16:04:46 : INFO : logger : Getting wav files
06-02-2022 16:04:46 : INFO : logger : Successfully got wav files
06-02-2022 16:04:46 : INFO : logger : Successfully got wav files
06-02-2022 16:04:46 : INFO : logger : Getting wav files
06-02-2022 16:04:46 : INFO : logger : Getting wav files
06-02-2022 16:04:46 : INFO : logger : Successfully got wav files
06-02-2022 16:04:46 : INFO : logger : Successfully got wav files
06-02-2022 16:04:46 : INFO : logger : Getting wav files
06-02-2022 16:04:46 : INFO : logger : Getting wav files
06-02-2022 16:04:46 : INFO : logger : Successfully got wav files
06-02-2022 16:04:46 : INFO : logger : Successfully got wav files
06-02-2022 16:04:46 : INFO : logger : Getting wav files
06-02-2022 16:04:46 : INFO : logger : Getting wav files
06-02-2022 16:04:46 : INFO : logger : Successfully got wav files
06-02-2022 16:04:46 : INFO : logger : Successfully got wav files
06-02-2022 16:04:46 : INFO : logger : Getting wav files
06-02-2022 16:04:46 : INFO : logger : Getting wav files
06-02-2022 16:04:46 : INFO : logger : Successfully got wav files
06-02-2022 16:04:46 : INFO : logger : Successfully got wav files
06-02-2022 16:04:46 : INFO : logger : Getting wav files
06-02-2022 16:04:46 : INFO : logger : Getting wav files
06-02-2022 16:04:46 : INFO : logger : Successfully got wav files
06-02-2022 16:04:46 : INFO : logger : Successfully got wav files
06-02-2022 16:04:46 : INFO : logger : Getting wav files
06-02-2022 16:04:46 : INFO : logger : Getting wav files
06-02-2022 16:04:46 : INFO : logger : Successfully got wav files
06-02-2022 16:04:46 : INFO : logger : Successfully got wav files
06-02-2022 16:04:46 : INFO : logger : Getting wav files
06-02-2022 16:04:46 : INFO : logger : Getting wav files
06-02-2022 16:04:46 : INFO : logger : Successfully got wav files
06-02-2022 16:04:46 : INFO : logger : Successfully got wav files
06-02-2022 16:04:46 : INFO : logger : Getting wav files
06-02-2022 16:04:46 : INFO : logger : Getting wav files
06-02-2022 16:04:46 : INFO : logger : Successfully got wav files
06-02-2022 16:04:46 : INFO : logger : Successfully got wav files
06-02-2022 16:04:46 : INFO : logger : Getting wav files
06-02-2022 16:04:46 : INFO : logger : Getting wav files
06-02-2022 16:04:46 : INFO : logger : Successfully got wav files
06-02-2022 16:04:46 : INFO : logger : Successfully got wav files
06-02-2022 16:04:46 : INFO : logger : Getting wav files
06-02-2022 16:04:46 : INFO : logger : Getting wav files
06-02-2022 16:04:46 : INFO : logger : Successfully got wav files
06-02-2022 16:04:46 : INFO : logger : Successfully got wav files
06-02-2022 16:04:46 : INFO : logger : Getting wav files
06-02-2022 16:04:46 : INFO : logger : Getting wav files
06-02-2022 16:04:46 : INFO : logger : Successfully got wav files
06-02-2022 16:04:46 : INFO : logger : Successfully got wav files
06-02-2022 16:04:46 : INFO : logger : Getting wav files
06-02-2022 16:04:46 : INFO : logger : Getting wav files
06-02-2022 16:04:46 : INFO : logger : Successfully got wav files
06-02-2022 16:04:46 : INFO : logger : Successfully got wav files
06-02-2022 16:04:46 : INFO : logger : Getting wav files
06-02-2022 16:04:46 : INFO : logger : Getting wav files
06-02-2022 16:04:46 : INFO : logger : Successfully got wav files
06-02-2022 16:04:46 : INFO : logger : Successfully got wav files
06-02-2022 16:04:46 : INFO : logger : Getting wav files
06-02-2022 16:04:46 : INFO : logger : Getting wav files
06-02-2022 16:04:46 : INFO : logger : Successfully got wav files
06-02-2022 16:04:46 : INFO : logger : Successfully got wav files
06-02-2022 16:04:46 : INFO : logger : Getting wav files
06-02-2022 16:04:46 : INFO : logger : Getting wav files
06-02-2022 16:04:46 : INFO : logger : Successfully got wav files
06-02-2022 16:04:46 : INFO : logger : Successfully got wav files
06-02-2022 16:04:46 : INFO : logger : Getting wav files
06-02-2022 16:04:46 : INFO : logger : Getting wav files
06-02-2022 16:04:46 : INFO : logger : Successfully got wav files
06-02-2022 16:04:46 : INFO : logger : Successfully got wav files
06-02-2022 16:04:46 : INFO : logger : Getting wav files
06-02-2022 16:04:46 : INFO : logger : Getting wav files
06-02-2022 16:04:46 : INFO : logger : Successfully got wav files
06-02-2022 16:04:46 : INFO : logger : Successfully got wav files
06-02-2022 16:04:46 : INFO : logger : Getting wav files
06-02-2022 16:04:46 : INFO : logger : Getting wav files
06-02-2022 16:04:46 : INFO : logger : Successfully got wav files
06-02-2022 16:04:46 : INFO : logger : Successfully got wav files
06-02-2022 16:04:46 : INFO : logger : Getting wav files
06-02-2022 16:04:46 : INFO : logger : Getting wav files
06-02-2022 16:04:46 : INFO : logger : Successfully got wav files
06-02-2022 16:04:46 : INFO : logger : Successfully got wav files
06-02-2022 16:04:46 : INFO : logger : Getting wav files
06-02-2022 16:04:46 : INFO : logger : Getting wav files
06-02-2022 16:04:47 : INFO : logger : Successfully got wav files
06-02-2022 16:04:47 : INFO : logger : Successfully got wav files
06-02-2022 16:04:47 : INFO : logger : Getting wav files
06-02-2022 16:04:47 : INFO : logger : Getting wav files
06-02-2022 16:04:47 : INFO : logger : Successfully got wav files
06-02-2022 16:04:47 : INFO : logger : Successfully got wav files
06-02-2022 16:04:47 : INFO : logger : Getting wav files
06-02-2022 16:04:47 : INFO : logger : Getting wav files
06-02-2022 16:04:47 : INFO : logger : Successfully got wav files
06-02-2022 16:04:47 : INFO : logger : Successfully got wav files
06-02-2022 16:04:47 : INFO : logger : Getting wav files
06-02-2022 16:04:47 : INFO : logger : Getting wav files
06-02-2022 16:04:47 : INFO : logger : Successfully got wav files
06-02-2022 16:04:47 : INFO : logger : Successfully got wav files
06-02-2022 16:04:47 : INFO : logger : Getting wav files
06-02-2022 16:04:47 : INFO : logger : Getting wav files
06-02-2022 16:04:47 : INFO : logger : Successfully got wav files
06-02-2022 16:04:47 : INFO : logger : Successfully got wav files
06-02-2022 16:04:47 : INFO : logger : Getting wav files
06-02-2022 16:04:47 : INFO : logger : Getting wav files
06-02-2022 16:04:47 : INFO : logger : Successfully got wav files
06-02-2022 16:04:47 : INFO : logger : Successfully got wav files
06-02-2022 16:04:47 : INFO : logger : Getting wav files
06-02-2022 16:04:47 : INFO : logger : Getting wav files
06-02-2022 16:04:47 : INFO : logger : Successfully got wav files
06-02-2022 16:04:47 : INFO : logger : Successfully got wav files
06-02-2022 16:04:47 : INFO : logger : Getting wav files
06-02-2022 16:04:47 : INFO : logger : Getting wav files
06-02-2022 16:04:47 : INFO : logger : Successfully got wav files
06-02-2022 16:04:47 : INFO : logger : Successfully got wav files
06-02-2022 16:04:47 : INFO : logger : Getting wav files
06-02-2022 16:04:47 : INFO : logger : Getting wav files
06-02-2022 16:04:47 : INFO : logger : Successfully got wav files
06-02-2022 16:04:47 : INFO : logger : Successfully got wav files
06-02-2022 16:04:47 : INFO : logger : Getting wav files
06-02-2022 16:04:47 : INFO : logger : Getting wav files
06-02-2022 16:04:47 : INFO : logger : Successfully got wav files
06-02-2022 16:04:47 : INFO : logger : Successfully got wav files
06-02-2022 16:04:47 : INFO : logger : Getting wav files
06-02-2022 16:04:47 : INFO : logger : Getting wav files
06-02-2022 16:04:47 : INFO : logger : Successfully got wav files
06-02-2022 16:04:47 : INFO : logger : Successfully got wav files
06-02-2022 16:04:47 : INFO : logger : Getting wav files
06-02-2022 16:04:47 : INFO : logger : Getting wav files
06-02-2022 16:04:47 : INFO : logger : Successfully got wav files
06-02-2022 16:04:47 : INFO : logger : Successfully got wav files
06-02-2022 16:04:47 : INFO : logger : Getting wav files
06-02-2022 16:04:47 : INFO : logger : Getting wav files
06-02-2022 16:04:47 : INFO : logger : Successfully got wav files
06-02-2022 16:04:47 : INFO : logger : Successfully got wav files
06-02-2022 16:04:47 : INFO : logger : Getting wav files
06-02-2022 16:04:47 : INFO : logger : Getting wav files
06-02-2022 16:04:47 : INFO : logger : Successfully got wav files
06-02-2022 16:04:47 : INFO : logger : Successfully got wav files
06-02-2022 16:04:47 : INFO : logger : Getting wav files
06-02-2022 16:04:47 : INFO : logger : Getting wav files
06-02-2022 16:04:47 : INFO : logger : Successfully got wav files
06-02-2022 16:04:47 : INFO : logger : Successfully got wav files
06-02-2022 16:04:47 : INFO : logger : Getting wav files
06-02-2022 16:04:47 : INFO : logger : Getting wav files
06-02-2022 16:04:47 : INFO : logger : Successfully got wav files
06-02-2022 16:04:47 : INFO : logger : Successfully got wav files
06-02-2022 16:04:47 : INFO : logger : Getting wav files
06-02-2022 16:04:47 : INFO : logger : Getting wav files
06-02-2022 16:04:47 : INFO : logger : Successfully got wav files
06-02-2022 16:04:47 : INFO : logger : Successfully got wav files
06-02-2022 16:04:47 : INFO : logger : Getting wav files
06-02-2022 16:04:47 : INFO : logger : Getting wav files
06-02-2022 16:04:47 : INFO : logger : Successfully got wav files
06-02-2022 16:04:47 : INFO : logger : Successfully got wav files
06-02-2022 16:04:47 : INFO : logger : Getting wav files
06-02-2022 16:04:47 : INFO : logger : Getting wav files
06-02-2022 16:04:47 : INFO : logger : Successfully got wav files
06-02-2022 16:04:47 : INFO : logger : Successfully got wav files
06-02-2022 16:04:47 : INFO : logger : Getting wav files
